mode: set
github.com/renproject/lightnode/store/store.go:16.44,18.2 1 0
github.com/renproject/lightnode/store/store.go:21.72,24.2 1 0
github.com/renproject/lightnode/store/store.go:27.66,30.2 1 0
github.com/renproject/lightnode/store/store.go:33.46,35.16 2 0
github.com/renproject/lightnode/store/store.go:39.2,39.13 1 0
github.com/renproject/lightnode/store/store.go:35.16,37.47 1 0
github.com/renproject/lightnode/store/store.go:44.66,46.56 2 0
github.com/renproject/lightnode/store/store.go:58.2,58.14 1 0
github.com/renproject/lightnode/store/store.go:46.56,48.17 2 0
github.com/renproject/lightnode/store/store.go:51.3,52.17 2 0
github.com/renproject/lightnode/store/store.go:55.3,55.33 1 0
github.com/renproject/lightnode/store/store.go:48.17,49.40 1 0
github.com/renproject/lightnode/store/store.go:52.17,53.45 1 0
github.com/renproject/lightnode/store/store.go:62.74,65.42 2 0
github.com/renproject/lightnode/store/store.go:69.2,69.20 1 0
github.com/renproject/lightnode/store/store.go:72.2,72.18 1 0
github.com/renproject/lightnode/store/store.go:65.42,67.3 1 0
github.com/renproject/lightnode/store/store.go:69.20,71.3 1 0
github.com/renproject/lightnode/server/ratelimiter/ratelimiter.go:14.24,20.40 2 0
github.com/renproject/lightnode/server/ratelimiter/ratelimiter.go:24.2,24.30 1 0
github.com/renproject/lightnode/server/ratelimiter/ratelimiter.go:20.40,22.3 1 0
github.com/renproject/lightnode/server/ratelimiter/ratelimiter.go:31.56,33.9 2 0
github.com/renproject/lightnode/server/ratelimiter/ratelimiter.go:40.2,40.47 1 0
github.com/renproject/lightnode/server/ratelimiter/ratelimiter.go:33.9,39.3 1 0
github.com/renproject/lightnode/client/client.go:20.103,26.16 4 0
github.com/renproject/lightnode/client/client.go:29.2,32.16 4 0
github.com/renproject/lightnode/client/client.go:35.2,40.16 4 0
github.com/renproject/lightnode/client/client.go:44.2,46.18 3 0
github.com/renproject/lightnode/client/client.go:26.16,27.68 1 0
github.com/renproject/lightnode/client/client.go:32.16,33.72 1 0
github.com/renproject/lightnode/client/client.go:40.16,42.3 1 0
github.com/renproject/lightnode/client/client.go:53.50,55.2 1 0
github.com/renproject/lightnode/cacher/cacher.go:18.30,20.2 1 1
github.com/renproject/lightnode/cacher/cacher.go:41.115,43.16 2 1
github.com/renproject/lightnode/cacher/cacher.go:46.2,47.16 2 1
github.com/renproject/lightnode/cacher/cacher.go:50.2,50.68 1 1
github.com/renproject/lightnode/cacher/cacher.go:43.16,45.3 1 0
github.com/renproject/lightnode/cacher/cacher.go:47.16,49.3 1 0
github.com/renproject/lightnode/cacher/cacher.go:54.63,56.9 2 1
github.com/renproject/lightnode/cacher/cacher.go:60.2,61.16 2 1
github.com/renproject/lightnode/cacher/cacher.go:65.2,69.12 4 1
github.com/renproject/lightnode/cacher/cacher.go:56.9,58.3 1 0
github.com/renproject/lightnode/cacher/cacher.go:61.16,63.3 1 0
github.com/renproject/lightnode/cacher/cacher.go:69.12,71.3 1 1
github.com/renproject/lightnode/cacher/cacher.go:71.8,81.13 3 1
github.com/renproject/lightnode/cacher/cacher.go:81.13,85.4 3 1
github.com/renproject/lightnode/cacher/cacher.go:89.79,92.38 1 1
github.com/renproject/lightnode/cacher/cacher.go:92.38,93.71 1 1
github.com/renproject/lightnode/cacher/cacher.go:93.71,95.4 1 0
github.com/renproject/lightnode/cacher/cacher.go:96.8,98.3 1 1
github.com/renproject/lightnode/cacher/cacher.go:101.59,102.46 1 1
github.com/renproject/lightnode/cacher/cacher.go:106.2,107.68 2 1
github.com/renproject/lightnode/cacher/cacher.go:111.2,111.34 1 1
github.com/renproject/lightnode/cacher/cacher.go:102.46,104.3 1 1
github.com/renproject/lightnode/cacher/cacher.go:107.68,109.3 1 1
github.com/renproject/lightnode/cacher/cacher.go:114.27,116.2 1 1
github.com/renproject/lightnode/lightnode.go:34.185,58.2 9 0
github.com/renproject/lightnode/lightnode.go:61.53,68.2 5 0
github.com/renproject/lightnode/dispatcher/dispatcher.go:30.120,39.2 1 1
github.com/renproject/lightnode/dispatcher/dispatcher.go:42.71,44.9 2 1
github.com/renproject/lightnode/dispatcher/dispatcher.go:48.2,52.12 4 1
github.com/renproject/lightnode/dispatcher/dispatcher.go:67.2,67.12 1 1
github.com/renproject/lightnode/dispatcher/dispatcher.go:44.9,46.3 1 0
github.com/renproject/lightnode/dispatcher/dispatcher.go:52.12,53.36 1 1
github.com/renproject/lightnode/dispatcher/dispatcher.go:64.3,64.19 1 1
github.com/renproject/lightnode/dispatcher/dispatcher.go:53.36,55.18 2 1
github.com/renproject/lightnode/dispatcher/dispatcher.go:55.18,60.5 4 1
github.com/renproject/lightnode/dispatcher/dispatcher.go:60.10,62.5 1 1
github.com/renproject/lightnode/dispatcher/dispatcher.go:67.12,69.30 2 1
github.com/renproject/lightnode/dispatcher/dispatcher.go:69.30,71.12 2 1
github.com/renproject/lightnode/dispatcher/dispatcher.go:75.4,75.7 1 0
github.com/renproject/lightnode/dispatcher/dispatcher.go:71.12,74.5 2 1
github.com/renproject/lightnode/dispatcher/dispatcher.go:80.77,90.16 1 1
github.com/renproject/lightnode/dispatcher/dispatcher.go:91.32,92.46 1 1
github.com/renproject/lightnode/dispatcher/dispatcher.go:93.33,94.46 1 1
github.com/renproject/lightnode/dispatcher/dispatcher.go:95.30,96.42 1 1
github.com/renproject/lightnode/dispatcher/dispatcher.go:97.29,98.46 1 1
github.com/renproject/lightnode/dispatcher/dispatcher.go:99.35,100.46 1 1
github.com/renproject/lightnode/dispatcher/dispatcher.go:101.32,102.46 1 1
github.com/renproject/lightnode/dispatcher/dispatcher.go:103.32,104.46 1 0
github.com/renproject/lightnode/dispatcher/dispatcher.go:105.31,106.46 1 1
github.com/renproject/lightnode/dispatcher/dispatcher.go:107.10,109.23 2 0
github.com/renproject/lightnode/dispatcher/dispatcher.go:113.54,117.16 1 1
github.com/renproject/lightnode/dispatcher/dispatcher.go:118.32,119.36 1 1
github.com/renproject/lightnode/dispatcher/dispatcher.go:120.33,121.36 1 1
github.com/renproject/lightnode/dispatcher/dispatcher.go:122.30,125.36 1 1
github.com/renproject/lightnode/dispatcher/dispatcher.go:126.29,127.36 1 1
github.com/renproject/lightnode/dispatcher/dispatcher.go:128.35,129.36 1 1
github.com/renproject/lightnode/dispatcher/dispatcher.go:130.32,131.36 1 1
github.com/renproject/lightnode/dispatcher/dispatcher.go:132.32,133.36 1 0
github.com/renproject/lightnode/dispatcher/dispatcher.go:134.31,135.36 1 1
github.com/renproject/lightnode/dispatcher/dispatcher.go:136.10,137.128 1 0
github.com/renproject/lightnode/dispatcher/dispatcher.go:147.50,149.2 1 1
github.com/renproject/lightnode/dispatcher/dispatcher.go:151.96,153.2 1 1
github.com/renproject/lightnode/updater/updater.go:34.111,41.2 1 1
github.com/renproject/lightnode/updater/updater.go:45.50,46.6 1 1
github.com/renproject/lightnode/updater/updater.go:46.6,47.10 1 1
github.com/renproject/lightnode/updater/updater.go:48.21,49.10 1 0
github.com/renproject/lightnode/updater/updater.go:50.11,52.32 2 1
github.com/renproject/lightnode/updater/updater.go:57.46,59.16 2 1
github.com/renproject/lightnode/updater/updater.go:64.2,66.35 2 1
github.com/renproject/lightnode/updater/updater.go:59.16,62.3 2 0
github.com/renproject/lightnode/updater/updater.go:66.35,80.17 4 1
github.com/renproject/lightnode/updater/updater.go:87.3,88.17 2 1
github.com/renproject/lightnode/updater/updater.go:91.3,93.17 3 1
github.com/renproject/lightnode/updater/updater.go:96.3,96.49 1 1
github.com/renproject/lightnode/updater/updater.go:80.17,84.4 3 0
github.com/renproject/lightnode/updater/updater.go:88.17,90.4 1 0
github.com/renproject/lightnode/updater/updater.go:93.17,95.4 1 0
github.com/renproject/lightnode/updater/updater.go:96.49,97.63 1 1
github.com/renproject/lightnode/updater/updater.go:97.63,100.5 2 0
github.com/renproject/lightnode/updater/updater.go:105.65,109.2 1 1
github.com/renproject/lightnode/validator/validator.go:23.83,25.2 1 1
github.com/renproject/lightnode/validator/validator.go:28.69,30.9 2 1
github.com/renproject/lightnode/validator/validator.go:34.2,34.45 1 1
github.com/renproject/lightnode/validator/validator.go:38.2,38.28 1 1
github.com/renproject/lightnode/validator/validator.go:30.9,32.3 1 0
github.com/renproject/lightnode/validator/validator.go:34.45,37.3 2 1
github.com/renproject/lightnode/validator/validator.go:41.54,43.30 1 1
github.com/renproject/lightnode/validator/validator.go:49.2,50.26 2 1
github.com/renproject/lightnode/validator/validator.go:56.2,56.45 1 1
github.com/renproject/lightnode/validator/validator.go:61.2,61.12 1 1
github.com/renproject/lightnode/validator/validator.go:43.30,46.3 2 1
github.com/renproject/lightnode/validator/validator.go:50.26,53.3 2 1
github.com/renproject/lightnode/validator/validator.go:56.45,59.3 2 1
github.com/renproject/lightnode/validator/validator.go:64.38,67.2 2 1
github.com/renproject/lightnode/validator/validator.go:69.61,70.24 1 1
github.com/renproject/lightnode/validator/validator.go:71.32,72.31 1 1
github.com/renproject/lightnode/validator/validator.go:75.3,75.47 1 1
github.com/renproject/lightnode/validator/validator.go:76.33,77.31 1 1
github.com/renproject/lightnode/validator/validator.go:80.3,80.48 1 1
github.com/renproject/lightnode/validator/validator.go:81.30,83.65 2 1
github.com/renproject/lightnode/validator/validator.go:86.3,86.37 1 1
github.com/renproject/lightnode/validator/validator.go:87.29,89.65 2 1
github.com/renproject/lightnode/validator/validator.go:92.3,92.36 1 1
github.com/renproject/lightnode/validator/validator.go:93.35,94.31 1 1
github.com/renproject/lightnode/validator/validator.go:97.3,97.50 1 1
github.com/renproject/lightnode/validator/validator.go:98.32,99.31 1 1
github.com/renproject/lightnode/validator/validator.go:102.3,102.47 1 1
github.com/renproject/lightnode/validator/validator.go:103.32,107.53 1 0
github.com/renproject/lightnode/validator/validator.go:108.31,109.31 1 1
github.com/renproject/lightnode/validator/validator.go:112.3,112.46 1 1
github.com/renproject/lightnode/validator/validator.go:113.10,116.141 1 0
github.com/renproject/lightnode/validator/validator.go:72.31,74.4 1 1
github.com/renproject/lightnode/validator/validator.go:77.31,79.4 1 1
github.com/renproject/lightnode/validator/validator.go:83.65,85.4 1 1
github.com/renproject/lightnode/validator/validator.go:89.65,91.4 1 1
github.com/renproject/lightnode/validator/validator.go:94.31,96.4 1 1
github.com/renproject/lightnode/validator/validator.go:99.31,101.4 1 1
github.com/renproject/lightnode/validator/validator.go:109.31,111.4 1 1
github.com/renproject/lightnode/validator/validator.go:120.67,123.2 1 1
github.com/renproject/lightnode/validator/validator.go:125.68,128.2 1 1
github.com/renproject/lightnode/validator/validator.go:130.72,134.2 1 1
github.com/renproject/lightnode/validator/validator.go:136.70,140.2 1 1
github.com/renproject/lightnode/validator/validator.go:142.70,145.2 1 1
github.com/renproject/lightnode/validator/validator.go:147.67,150.2 1 1
github.com/renproject/lightnode/validator/validator.go:152.66,155.2 1 1
github.com/renproject/lightnode/server/server.go:51.97,60.2 2 1
github.com/renproject/lightnode/server/server.go:63.29,76.2 5 1
github.com/renproject/lightnode/server/server.go:78.74,80.68 2 1
github.com/renproject/lightnode/server/server.go:87.2,88.58 2 1
github.com/renproject/lightnode/server/server.go:103.2,104.45 2 1
github.com/renproject/lightnode/server/server.go:114.2,115.34 2 1
github.com/renproject/lightnode/server/server.go:129.2,129.37 1 1
github.com/renproject/lightnode/server/server.go:80.68,85.3 4 0
github.com/renproject/lightnode/server/server.go:88.58,93.58 2 1
github.com/renproject/lightnode/server/server.go:99.3,99.32 1 1
github.com/renproject/lightnode/server/server.go:93.58,98.4 4 0
github.com/renproject/lightnode/server/server.go:104.45,110.3 5 0
github.com/renproject/lightnode/server/server.go:115.34,117.54 2 1
github.com/renproject/lightnode/server/server.go:124.3,126.46 3 1
github.com/renproject/lightnode/server/server.go:117.54,122.4 4 0
github.com/renproject/lightnode/server/server.go:132.91,134.25 2 1
github.com/renproject/lightnode/server/server.go:140.2,140.61 1 1
github.com/renproject/lightnode/server/server.go:134.25,135.65 1 1
github.com/renproject/lightnode/server/server.go:135.65,138.4 2 0
github.com/renproject/lightnode/server/server.go:140.61,143.3 2 0
github.com/renproject/lightnode/server/server.go:154.42,154.43 0 0
github.com/renproject/lightnode/server/server.go:157.72,160.2 2 1
